/scratch/optpar01/test/webinar/heartwall/re/main.cu:86:34: warning: data argument not used by format string [-Wformat-extra-args]
            fprintf(fid, "\n--endo--\n",j);
                         ~~~~~~~~~~~~~~ ^
/scratch/optpar01/test/webinar/heartwall/re/main.cu:95:33: warning: data argument not used by format string [-Wformat-extra-args]
            fprintf(fid, "\n--epi--\n",j);
                         ~~~~~~~~~~~~~ ^
In file included from /scratch/optpar01/test/webinar/heartwall/re/main.cu:38:
/scratch/optpar01/test/webinar/heartwall/re/kernel.cu:180:3: warning: DPCT1065:0: Consider replacing sycl::nd_item::barrier() with sycl::nd_item::barrier(sycl::access::fence_space::local_space) for better performance, if there is no access to global memory.
                __syncthreads();
                ^
/scratch/optpar01/test/webinar/heartwall/re/kernel.cu:219:3: warning: DPCT1065:1: Consider replacing sycl::nd_item::barrier() with sycl::nd_item::barrier(sycl::access::fence_space::local_space) for better performance, if there is no access to global memory.
                __syncthreads();
                ^
/scratch/optpar01/test/webinar/heartwall/re/kernel.cu:291:3: warning: DPCT1065:2: Consider replacing sycl::nd_item::barrier() with sycl::nd_item::barrier(sycl::access::fence_space::local_space) for better performance, if there is no access to global memory.
                __syncthreads();
                ^
/scratch/optpar01/test/webinar/heartwall/re/kernel.cu:339:3: warning: DPCT1065:3: Consider replacing sycl::nd_item::barrier() with sycl::nd_item::barrier(sycl::access::fence_space::local_space) for better performance, if there is no access to global memory.
                __syncthreads();
                ^
/scratch/optpar01/test/webinar/heartwall/re/kernel.cu:370:3: warning: DPCT1065:4: Consider replacing sycl::nd_item::barrier() with sycl::nd_item::barrier(sycl::access::fence_space::local_space) for better performance, if there is no access to global memory.
                __syncthreads();
                ^
/scratch/optpar01/test/webinar/heartwall/re/kernel.cu:402:3: warning: DPCT1065:5: Consider replacing sycl::nd_item::barrier() with sycl::nd_item::barrier(sycl::access::fence_space::local_space) for better performance, if there is no access to global memory.
                __syncthreads();
                ^
/scratch/optpar01/test/webinar/heartwall/re/kernel.cu:438:3: warning: DPCT1065:6: Consider replacing sycl::nd_item::barrier() with sycl::nd_item::barrier(sycl::access::fence_space::local_space) for better performance, if there is no access to global memory.
                __syncthreads();
                ^
/scratch/optpar01/test/webinar/heartwall/re/kernel.cu:460:3: warning: DPCT1065:7: Consider replacing sycl::nd_item::barrier() with sycl::nd_item::barrier(sycl::access::fence_space::local_space) for better performance, if there is no access to global memory.
                __syncthreads();
                ^
/scratch/optpar01/test/webinar/heartwall/re/kernel.cu:491:3: warning: DPCT1065:8: Consider replacing sycl::nd_item::barrier() with sycl::nd_item::barrier(sycl::access::fence_space::local_space) for better performance, if there is no access to global memory.
                __syncthreads();
                ^
/scratch/optpar01/test/webinar/heartwall/re/kernel.cu:523:3: warning: DPCT1065:9: Consider replacing sycl::nd_item::barrier() with sycl::nd_item::barrier(sycl::access::fence_space::local_space) for better performance, if there is no access to global memory.
                __syncthreads();
                ^
/scratch/optpar01/test/webinar/heartwall/re/kernel.cu:559:3: warning: DPCT1065:10: Consider replacing sycl::nd_item::barrier() with sycl::nd_item::barrier(sycl::access::fence_space::local_space) for better performance, if there is no access to global memory.
                __syncthreads();
                ^
/scratch/optpar01/test/webinar/heartwall/re/kernel.cu:581:3: warning: DPCT1065:11: Consider replacing sycl::nd_item::barrier() with sycl::nd_item::barrier(sycl::access::fence_space::local_space) for better performance, if there is no access to global memory.
                __syncthreads();
                ^
/scratch/optpar01/test/webinar/heartwall/re/kernel.cu:607:3: warning: DPCT1065:12: Consider replacing sycl::nd_item::barrier() with sycl::nd_item::barrier(sycl::access::fence_space::local_space) for better performance, if there is no access to global memory.
                __syncthreads();
                ^
/scratch/optpar01/test/webinar/heartwall/re/kernel.cu:651:3: warning: DPCT1065:13: Consider replacing sycl::nd_item::barrier() with sycl::nd_item::barrier(sycl::access::fence_space::local_space) for better performance, if there is no access to global memory.
                __syncthreads();
                ^
/scratch/optpar01/test/webinar/heartwall/re/kernel.cu:682:3: warning: DPCT1065:14: Consider replacing sycl::nd_item::barrier() with sycl::nd_item::barrier(sycl::access::fence_space::local_space) for better performance, if there is no access to global memory.
                __syncthreads();
                ^
/scratch/optpar01/test/webinar/heartwall/re/kernel.cu:714:3: warning: DPCT1065:15: Consider replacing sycl::nd_item::barrier() with sycl::nd_item::barrier(sycl::access::fence_space::local_space) for better performance, if there is no access to global memory.
                __syncthreads();
                ^
/scratch/optpar01/test/webinar/heartwall/re/kernel.cu:750:3: warning: DPCT1065:16: Consider replacing sycl::nd_item::barrier() with sycl::nd_item::barrier(sycl::access::fence_space::local_space) for better performance, if there is no access to global memory.
                __syncthreads();
                ^
/scratch/optpar01/test/webinar/heartwall/re/kernel.cu:797:3: warning: DPCT1065:17: Consider replacing sycl::nd_item::barrier() with sycl::nd_item::barrier(sycl::access::fence_space::local_space) for better performance, if there is no access to global memory.
                __syncthreads();
                ^
/scratch/optpar01/test/webinar/heartwall/re/kernel.cu:829:3: warning: DPCT1065:18: Consider replacing sycl::nd_item::barrier() with sycl::nd_item::barrier(sycl::access::fence_space::local_space) for better performance, if there is no access to global memory.
                __syncthreads();
                ^
/scratch/optpar01/test/webinar/heartwall/re/kernel.cu:865:3: warning: DPCT1065:19: Consider replacing sycl::nd_item::barrier() with sycl::nd_item::barrier(sycl::access::fence_space::local_space) for better performance, if there is no access to global memory.
                __syncthreads();
                ^
/scratch/optpar01/test/webinar/heartwall/re/kernel.cu:887:3: warning: DPCT1065:20: Consider replacing sycl::nd_item::barrier() with sycl::nd_item::barrier(sycl::access::fence_space::local_space) for better performance, if there is no access to global memory.
                __syncthreads();
                ^
/scratch/optpar01/test/webinar/heartwall/re/kernel.cu:918:3: warning: DPCT1065:21: Consider replacing sycl::nd_item::barrier() with sycl::nd_item::barrier(sycl::access::fence_space::local_space) for better performance, if there is no access to global memory.
                __syncthreads();
                ^
/scratch/optpar01/test/webinar/heartwall/re/kernel.cu:940:3: warning: DPCT1065:22: Consider replacing sycl::nd_item::barrier() with sycl::nd_item::barrier(sycl::access::fence_space::local_space) for better performance, if there is no access to global memory.
                __syncthreads();
                ^
/scratch/optpar01/test/webinar/heartwall/re/kernel.cu:967:3: warning: DPCT1065:23: Consider replacing sycl::nd_item::barrier() with sycl::nd_item::barrier(sycl::access::fence_space::local_space) for better performance, if there is no access to global memory.
                __syncthreads();
                ^
/scratch/optpar01/test/webinar/heartwall/re/kernel.cu:993:3: warning: DPCT1065:24: Consider replacing sycl::nd_item::barrier() with sycl::nd_item::barrier(sycl::access::fence_space::local_space) for better performance, if there is no access to global memory.
                __syncthreads();
                ^
/scratch/optpar01/test/webinar/heartwall/re/kernel.cu:1019:3: warning: DPCT1065:25: Consider replacing sycl::nd_item::barrier() with sycl::nd_item::barrier(sycl::access::fence_space::local_space) for better performance, if there is no access to global memory.
                __syncthreads();
                ^
/scratch/optpar01/test/webinar/heartwall/re/kernel.cu:1040:3: warning: DPCT1065:26: Consider replacing sycl::nd_item::barrier() with sycl::nd_item::barrier(sycl::access::fence_space::local_space) for better performance, if there is no access to global memory.
                __syncthreads();
                ^
/scratch/optpar01/test/webinar/heartwall/re/kernel.cu:1061:3: warning: DPCT1065:27: Consider replacing sycl::nd_item::barrier() with sycl::nd_item::barrier(sycl::access::fence_space::local_space) for better performance, if there is no access to global memory.
                __syncthreads();
                ^
/scratch/optpar01/test/webinar/heartwall/re/kernel.cu:1082:3: warning: DPCT1065:28: Consider replacing sycl::nd_item::barrier() with sycl::nd_item::barrier(sycl::access::fence_space::local_space) for better performance, if there is no access to global memory.
                __syncthreads();
                ^
/scratch/optpar01/test/webinar/heartwall/re/kernel.cu:1103:3: warning: DPCT1065:29: Consider replacing sycl::nd_item::barrier() with sycl::nd_item::barrier(sycl::access::fence_space::local_space) for better performance, if there is no access to global memory.
                __syncthreads();
                ^
/scratch/optpar01/test/webinar/heartwall/re/kernel.cu:1143:3: warning: DPCT1065:30: Consider replacing sycl::nd_item::barrier() with sycl::nd_item::barrier(sycl::access::fence_space::local_space) for better performance, if there is no access to global memory.
                __syncthreads();
                ^
/scratch/optpar01/test/webinar/heartwall/re/kernel.cu:1215:3: warning: DPCT1065:31: Consider replacing sycl::nd_item::barrier() with sycl::nd_item::barrier(sycl::access::fence_space::local_space) for better performance, if there is no access to global memory.
                __syncthreads();
                ^
/scratch/optpar01/test/webinar/heartwall/re/kernel.cu:1248:3: warning: DPCT1065:32: Consider replacing sycl::nd_item::barrier() with sycl::nd_item::barrier(sycl::access::fence_space::local_space) for better performance, if there is no access to global memory.
                __syncthreads();
                ^
/scratch/optpar01/test/webinar/heartwall/re/kernel.cu:1286:3: warning: DPCT1065:33: Consider replacing sycl::nd_item::barrier() with sycl::nd_item::barrier(sycl::access::fence_space::local_space) for better performance, if there is no access to global memory.
                __syncthreads();
                ^
/scratch/optpar01/test/webinar/heartwall/re/main.cu:662:3: warning: DPCT1049:34: The workgroup size passed to the SYCL kernel may exceed the limit. To get the device limit, query info::device::max_work_group_size. Adjust the workgroup size if needed.
                kernel<<<blocks, threads>>>();
                ^
Saved new version of /scratch/optpar01/test/webinar/heartwall/re/dpct_output/AVI/avilib.h.yaml file

The directory "dpct_output" is used as "out-root"
Processing: /scratch/optpar01/test/webinar/heartwall/re/AVI/avilib.c
Processing: /scratch/optpar01/test/webinar/heartwall/re/main.cu
Processing: /scratch/optpar01/test/webinar/heartwall/re/AVI/avimod.c
Processed 3 file(s) in -in-root folder "/scratch/optpar01/test/webinar/heartwall/re"

See Diagnostics Reference to resolve warnings and complete the migration:
https://software.intel.com/content/www/us/en/develop/documentation/intel-dpcpp-compatibility-tool-user-guide/top/diagnostics-reference.html
